<?xml version="1.0" encoding="UTF-8"?>
<robot generator="Robot 4.1.3 (Python 3.10.1 on win32)" generated="20221024 19:42:46.542" rpa="false" schemaversion="2">
<suite id="s1" name="NGG-TC-51-53 Dining and Enter to days and categories" source="C:\Users\Alejandro\Desktop\Community_Dining\NGG-TC-51-53 Dining and Enter to days and categories.robot">
<kw name="Open App" library="NGG-TC-51-53 Keywords" type="SETUP">
<kw name="Open Application" library="AppiumLibrary">
<arg>${url}</arg>
<arg>platformName=${PlatFormName}</arg>
<arg>platformVersion=${PlatFormVersion}</arg>
<arg>deviceName=${DeviceName}</arg>
<arg>automationName=UiAutomator2</arg>
<arg>newCommandTimeout=2500</arg>
<arg>noReset=True</arg>
<arg>activateName=${Activity_NAME}</arg>
<arg>packageName=${PACKAGE_NAME}</arg>
<doc>Opens a new application to given Appium server.
Capabilities of appium server, Android and iOS,
Please check https://github.com/appium/appium/blob/master/docs/en/writing-running-appium/server-args.md
| *Option*            | *Man.* | *Description*     |
| remote_url          | Yes    | Appium server url |
| alias               | no     | alias             |</doc>
<status status="PASS" starttime="20221024 19:42:46.716" endtime="20221024 19:43:06.773"/>
</kw>
<status status="PASS" starttime="20221024 19:42:46.715" endtime="20221024 19:43:06.774"/>
</kw>
<test id="s1-t1" name="Test Tab Community Dining Window">
<kw name="Open App" library="NGG-TC-51-53 Keywords">
<kw name="Open Application" library="AppiumLibrary">
<arg>${url}</arg>
<arg>platformName=${PlatFormName}</arg>
<arg>platformVersion=${PlatFormVersion}</arg>
<arg>deviceName=${DeviceName}</arg>
<arg>automationName=UiAutomator2</arg>
<arg>newCommandTimeout=2500</arg>
<arg>noReset=True</arg>
<arg>activateName=${Activity_NAME}</arg>
<arg>packageName=${PACKAGE_NAME}</arg>
<doc>Opens a new application to given Appium server.
Capabilities of appium server, Android and iOS,
Please check https://github.com/appium/appium/blob/master/docs/en/writing-running-appium/server-args.md
| *Option*            | *Man.* | *Description*     |
| remote_url          | Yes    | Appium server url |
| alias               | no     | alias             |</doc>
<status status="PASS" starttime="20221024 19:43:06.784" endtime="20221024 19:43:25.598"/>
</kw>
<status status="PASS" starttime="20221024 19:43:06.778" endtime="20221024 19:43:25.598"/>
</kw>
<kw name="Page Home E-hub" library="NGG-TC-51-53 Keywords">
<kw name="Wait Until Element Is Visible" library="AppiumLibrary">
<arg>id=com.sentrics.engage360:id/tvGroupName</arg>
<doc>Waits until element specified with `locator` is visible.</doc>
<status status="PASS" starttime="20221024 19:43:25.602" endtime="20221024 19:43:35.313"/>
</kw>
<kw name="Element Should Be Visible" library="AppiumLibrary">
<arg>id=com.sentrics.engage360:id/tvGroupName</arg>
<arg>Entertainment</arg>
<doc>Verifies that element identified with locator is visible.</doc>
<status status="PASS" starttime="20221024 19:43:35.314" endtime="20221024 19:43:41.702"/>
</kw>
<status status="PASS" starttime="20221024 19:43:25.600" endtime="20221024 19:43:41.702"/>
</kw>
<kw name="Home - Dining" library="NGG-TC-51-53 Keywords">
<kw name="Press Keycode" library="AppiumLibrary">
<arg>20</arg>
<doc>Sends a press of keycode to the device.</doc>
<status status="PASS" starttime="20221024 19:43:41.703" endtime="20221024 19:43:41.903"/>
</kw>
<kw name="Press Keycode" library="AppiumLibrary">
<arg>20</arg>
<doc>Sends a press of keycode to the device.</doc>
<status status="PASS" starttime="20221024 19:43:41.903" endtime="20221024 19:43:43.805"/>
</kw>
<kw name="Press Keycode" library="AppiumLibrary">
<arg>22</arg>
<doc>Sends a press of keycode to the device.</doc>
<status status="PASS" starttime="20221024 19:43:43.805" endtime="20221024 19:43:54.125"/>
</kw>
<kw name="Press Keycode" library="AppiumLibrary">
<arg>22</arg>
<doc>Sends a press of keycode to the device.</doc>
<status status="PASS" starttime="20221024 19:43:54.125" endtime="20221024 19:43:56.863"/>
</kw>
<kw name="Press Keycode" library="AppiumLibrary">
<arg>23</arg>
<doc>Sends a press of keycode to the device.</doc>
<status status="PASS" starttime="20221024 19:43:56.863" endtime="20221024 19:44:05.412"/>
</kw>
<status status="PASS" starttime="20221024 19:43:41.702" endtime="20221024 19:44:05.412"/>
</kw>
<kw name="Enter to days and categories - Dining" library="NGG-TC-51-53 Keywords">
<kw name="Wait Until Element Is Visible" library="AppiumLibrary">
<arg>id=com.sentrics.engage360:id/ivBackgroundImage</arg>
<doc>Waits until element specified with `locator` is visible.</doc>
<status status="PASS" starttime="20221024 19:44:05.413" endtime="20221024 19:44:09.643"/>
</kw>
<kw name="Wait Until Element Is Visible" library="AppiumLibrary">
<arg>id=com.sentrics.engage360:id/tvDay</arg>
<doc>Waits until element specified with `locator` is visible.</doc>
<status status="PASS" starttime="20221024 19:44:09.645" endtime="20221024 19:44:09.874"/>
</kw>
<kw name="Press Keycode" library="AppiumLibrary">
<arg>19</arg>
<doc>Sends a press of keycode to the device.</doc>
<status status="PASS" starttime="20221024 19:44:09.874" endtime="20221024 19:44:10.049"/>
</kw>
<kw name="Press Keycode" library="AppiumLibrary">
<arg>21</arg>
<doc>Sends a press of keycode to the device.</doc>
<status status="PASS" starttime="20221024 19:44:10.049" endtime="20221024 19:44:10.839"/>
</kw>
<kw name="Press Keycode" library="AppiumLibrary">
<arg>23</arg>
<doc>Sends a press of keycode to the device.</doc>
<status status="PASS" starttime="20221024 19:44:10.839" endtime="20221024 19:44:11.636"/>
</kw>
<kw name="Wait Until Element Is Visible" library="AppiumLibrary">
<arg>id=com.sentrics.engage360:id/tvDate</arg>
<doc>Waits until element specified with `locator` is visible.</doc>
<status status="PASS" starttime="20221024 19:44:11.636" endtime="20221024 19:44:13.138"/>
</kw>
<kw name="Press Keycode" library="AppiumLibrary">
<arg>22</arg>
<doc>Sends a press of keycode to the device.</doc>
<status status="PASS" starttime="20221024 19:44:13.138" endtime="20221024 19:44:13.369"/>
</kw>
<kw name="Press Keycode" library="AppiumLibrary">
<arg>23</arg>
<doc>Sends a press of keycode to the device.</doc>
<status status="PASS" starttime="20221024 19:44:13.370" endtime="20221024 19:44:14.146"/>
</kw>
<kw name="Press Keycode" library="AppiumLibrary">
<arg>22</arg>
<doc>Sends a press of keycode to the device.</doc>
<status status="PASS" starttime="20221024 19:44:14.146" endtime="20221024 19:44:15.389"/>
</kw>
<kw name="Press Keycode" library="AppiumLibrary">
<arg>23</arg>
<doc>Sends a press of keycode to the device.</doc>
<status status="PASS" starttime="20221024 19:44:15.389" endtime="20221024 19:44:16.222"/>
</kw>
<kw name="Press Keycode" library="AppiumLibrary">
<arg>22</arg>
<doc>Sends a press of keycode to the device.</doc>
<status status="PASS" starttime="20221024 19:44:16.222" endtime="20221024 19:44:17.666"/>
</kw>
<kw name="Press Keycode" library="AppiumLibrary">
<arg>23</arg>
<doc>Sends a press of keycode to the device.</doc>
<status status="PASS" starttime="20221024 19:44:17.666" endtime="20221024 19:44:18.471"/>
</kw>
<kw name="Press Keycode" library="AppiumLibrary">
<arg>22</arg>
<doc>Sends a press of keycode to the device.</doc>
<status status="PASS" starttime="20221024 19:44:18.472" endtime="20221024 19:44:19.437"/>
</kw>
<kw name="Press Keycode" library="AppiumLibrary">
<arg>23</arg>
<doc>Sends a press of keycode to the device.</doc>
<status status="PASS" starttime="20221024 19:44:19.438" endtime="20221024 19:44:20.397"/>
</kw>
<kw name="Press Keycode" library="AppiumLibrary">
<arg>22</arg>
<doc>Sends a press of keycode to the device.</doc>
<status status="PASS" starttime="20221024 19:44:20.397" endtime="20221024 19:44:21.234"/>
</kw>
<kw name="Press Keycode" library="AppiumLibrary">
<arg>23</arg>
<doc>Sends a press of keycode to the device.</doc>
<status status="PASS" starttime="20221024 19:44:21.234" endtime="20221024 19:44:22.259"/>
</kw>
<kw name="Press Keycode" library="AppiumLibrary">
<arg>22</arg>
<doc>Sends a press of keycode to the device.</doc>
<status status="PASS" starttime="20221024 19:44:22.259" endtime="20221024 19:44:23.402"/>
</kw>
<kw name="Press Keycode" library="AppiumLibrary">
<arg>23</arg>
<doc>Sends a press of keycode to the device.</doc>
<status status="PASS" starttime="20221024 19:44:23.402" endtime="20221024 19:44:24.412"/>
</kw>
<kw name="Press Keycode" library="AppiumLibrary">
<arg>22</arg>
<doc>Sends a press of keycode to the device.</doc>
<status status="PASS" starttime="20221024 19:44:24.413" endtime="20221024 19:44:25.544"/>
</kw>
<kw name="Press Keycode" library="AppiumLibrary">
<arg>23</arg>
<doc>Sends a press of keycode to the device.</doc>
<status status="PASS" starttime="20221024 19:44:25.544" endtime="20221024 19:44:26.634"/>
</kw>
<kw name="Press Keycode" library="AppiumLibrary">
<arg>22</arg>
<doc>Sends a press of keycode to the device.</doc>
<status status="PASS" starttime="20221024 19:44:26.634" endtime="20221024 19:44:27.641"/>
</kw>
<kw name="Press Keycode" library="AppiumLibrary">
<arg>23</arg>
<doc>Sends a press of keycode to the device.</doc>
<status status="PASS" starttime="20221024 19:44:27.641" endtime="20221024 19:44:28.409"/>
</kw>
<kw name="Press Keycode" library="AppiumLibrary">
<arg>22</arg>
<doc>Sends a press of keycode to the device.</doc>
<status status="PASS" starttime="20221024 19:44:28.409" endtime="20221024 19:44:29.494"/>
</kw>
<kw name="Press Keycode" library="AppiumLibrary">
<arg>23</arg>
<doc>Sends a press of keycode to the device.</doc>
<status status="PASS" starttime="20221024 19:44:29.495" endtime="20221024 19:44:30.286"/>
</kw>
<kw name="Press Keycode" library="AppiumLibrary">
<arg>22</arg>
<doc>Sends a press of keycode to the device.</doc>
<status status="PASS" starttime="20221024 19:44:30.286" endtime="20221024 19:44:31.206"/>
</kw>
<kw name="Press Keycode" library="AppiumLibrary">
<arg>23</arg>
<doc>Sends a press of keycode to the device.</doc>
<status status="PASS" starttime="20221024 19:44:31.206" endtime="20221024 19:44:32.011"/>
</kw>
<kw name="Press Keycode" library="AppiumLibrary">
<arg>22</arg>
<doc>Sends a press of keycode to the device.</doc>
<status status="PASS" starttime="20221024 19:44:32.012" endtime="20221024 19:44:33.001"/>
</kw>
<kw name="Press Keycode" library="AppiumLibrary">
<arg>23</arg>
<doc>Sends a press of keycode to the device.</doc>
<status status="PASS" starttime="20221024 19:44:33.002" endtime="20221024 19:44:34.008"/>
</kw>
<kw name="Press Keycode" library="AppiumLibrary">
<arg>22</arg>
<doc>Sends a press of keycode to the device.</doc>
<status status="PASS" starttime="20221024 19:44:34.008" endtime="20221024 19:44:34.970"/>
</kw>
<kw name="Press Keycode" library="AppiumLibrary">
<arg>23</arg>
<doc>Sends a press of keycode to the device.</doc>
<status status="PASS" starttime="20221024 19:44:34.970" endtime="20221024 19:44:35.770"/>
</kw>
<kw name="Press Keycode" library="AppiumLibrary">
<arg>22</arg>
<doc>Sends a press of keycode to the device.</doc>
<status status="PASS" starttime="20221024 19:44:35.770" endtime="20221024 19:44:36.759"/>
</kw>
<kw name="Press Keycode" library="AppiumLibrary">
<arg>23</arg>
<doc>Sends a press of keycode to the device.</doc>
<status status="PASS" starttime="20221024 19:44:36.759" endtime="20221024 19:44:37.599"/>
</kw>
<kw name="Press Keycode" library="AppiumLibrary">
<arg>22</arg>
<doc>Sends a press of keycode to the device.</doc>
<status status="PASS" starttime="20221024 19:44:37.599" endtime="20221024 19:44:38.421"/>
</kw>
<kw name="Press Keycode" library="AppiumLibrary">
<arg>23</arg>
<doc>Sends a press of keycode to the device.</doc>
<status status="PASS" starttime="20221024 19:44:38.422" endtime="20221024 19:44:39.448"/>
</kw>
<kw name="Wait Until Element Is Visible" library="AppiumLibrary">
<arg>id=com.sentrics.engage360:id/tvMealTypes</arg>
<doc>Waits until element specified with `locator` is visible.</doc>
<status status="PASS" starttime="20221024 19:44:39.448" endtime="20221024 19:44:40.301"/>
</kw>
<kw name="Press Keycode" library="AppiumLibrary">
<arg>4</arg>
<doc>Sends a press of keycode to the device.</doc>
<status status="PASS" starttime="20221024 19:44:40.302" endtime="20221024 19:44:40.647"/>
</kw>
<kw name="Wait Until Element Is Visible" library="AppiumLibrary">
<arg>id=com.sentrics.engage360:id/tvDayOfTheWeekName</arg>
<doc>Waits until element specified with `locator` is visible.</doc>
<status status="PASS" starttime="20221024 19:44:40.648" endtime="20221024 19:44:41.258"/>
</kw>
<kw name="Press Keycode" library="AppiumLibrary">
<arg>4</arg>
<doc>Sends a press of keycode to the device.</doc>
<status status="PASS" starttime="20221024 19:44:41.259" endtime="20221024 19:44:41.499"/>
</kw>
<status status="PASS" starttime="20221024 19:44:05.413" endtime="20221024 19:44:41.500"/>
</kw>
<tag>Automation</tag>
<status status="PASS" starttime="20221024 19:43:06.774" endtime="20221024 19:44:41.500"/>
</test>
<kw name="Close All Applications" library="AppiumLibrary" type="TEARDOWN">
<doc>Closes all open applications.</doc>
<status status="PASS" starttime="20221024 19:44:41.504" endtime="20221024 19:44:41.816"/>
</kw>
<status status="PASS" starttime="20221024 19:42:46.543" endtime="20221024 19:44:41.817"/>
</suite>
<statistics>
<total>
<stat pass="1" fail="0" skip="0">All Tests</stat>
</total>
<tag>
<stat pass="1" fail="0" skip="0">Automation</stat>
</tag>
<suite>
<stat pass="1" fail="0" skip="0" id="s1" name="NGG-TC-51-53 Dining and Enter to days and categories">NGG-TC-51-53 Dining and Enter to days and categories</stat>
</suite>
</statistics>
<errors>
</errors>
</robot>
