<?xml version="1.0" encoding="UTF-8"?>
<robot generator="Robot 4.1.3 (Python 3.10.1 on win32)" generated="20221024 09:26:56.052" rpa="false" schemaversion="2">
<suite id="s1" name="NGG-TC-59-60 Info Board and Categories Validation" source="C:\Users\Alejandro\Desktop\Community_Info Board\NGG-TC-59-60 Info Board and Categories Validation.robot">
<kw name="Open App" library="NGG-TC-59-60 Keywords" type="SETUP">
<kw name="Open Application" library="AppiumLibrary">
<arg>${url}</arg>
<arg>platformName=${PlatFormName}</arg>
<arg>platformVersion=${PlatFormVersion}</arg>
<arg>deviceName=${DeviceName}</arg>
<arg>automationName=UiAutomator2</arg>
<arg>newCommandTimeout=2500</arg>
<arg>noReset=True</arg>
<arg>activateName=${Activity_NAME}</arg>
<arg>packageName=${PACKAGE_NAME}</arg>
<doc>Opens a new application to given Appium server.
Capabilities of appium server, Android and iOS,
Please check https://github.com/appium/appium/blob/master/docs/en/writing-running-appium/server-args.md
| *Option*            | *Man.* | *Description*     |
| remote_url          | Yes    | Appium server url |
| alias               | no     | alias             |</doc>
<status status="PASS" starttime="20221024 09:26:56.234" endtime="20221024 09:27:11.656"/>
</kw>
<status status="PASS" starttime="20221024 09:26:56.234" endtime="20221024 09:27:11.656"/>
</kw>
<test id="s1-t1" name="Repairs">
<kw name="Open App" library="NGG-TC-59-60 Keywords">
<kw name="Open Application" library="AppiumLibrary">
<arg>${url}</arg>
<arg>platformName=${PlatFormName}</arg>
<arg>platformVersion=${PlatFormVersion}</arg>
<arg>deviceName=${DeviceName}</arg>
<arg>automationName=UiAutomator2</arg>
<arg>newCommandTimeout=2500</arg>
<arg>noReset=True</arg>
<arg>activateName=${Activity_NAME}</arg>
<arg>packageName=${PACKAGE_NAME}</arg>
<doc>Opens a new application to given Appium server.
Capabilities of appium server, Android and iOS,
Please check https://github.com/appium/appium/blob/master/docs/en/writing-running-appium/server-args.md
| *Option*            | *Man.* | *Description*     |
| remote_url          | Yes    | Appium server url |
| alias               | no     | alias             |</doc>
<status status="PASS" starttime="20221024 09:27:11.657" endtime="20221024 09:27:28.046"/>
</kw>
<status status="PASS" starttime="20221024 09:27:11.656" endtime="20221024 09:27:28.046"/>
</kw>
<kw name="Open Home Page" library="NGG-TC-59-60 Keywords">
<kw name="Wait Until Element Is Visible" library="AppiumLibrary">
<arg>id=com.sentrics.engage360:id/tvGroupName</arg>
<doc>Waits until element specified with `locator` is visible.</doc>
<status status="PASS" starttime="20221024 09:27:28.047" endtime="20221024 09:27:28.896"/>
</kw>
<kw name="Element Text Should Be" library="AppiumLibrary">
<arg>id=com.sentrics.engage360:id/tvGroupName</arg>
<arg>Entertainment</arg>
<doc>Verifies element identified by ``locator`` exactly contains text ``expected``.</doc>
<msg timestamp="20221024 09:27:28.898" level="INFO">Verifying element 'id=com.sentrics.engage360:id/tvGroupName' contains exactly text 'Entertainment'.</msg>
<status status="PASS" starttime="20221024 09:27:28.897" endtime="20221024 09:27:29.641"/>
</kw>
<kw name="Press Keycode" library="AppiumLibrary">
<arg>20</arg>
<doc>Sends a press of keycode to the device.</doc>
<status status="PASS" starttime="20221024 09:27:29.641" endtime="20221024 09:27:29.807"/>
</kw>
<kw name="Press Keycode" library="AppiumLibrary">
<arg>20</arg>
<doc>Sends a press of keycode to the device.</doc>
<status status="PASS" starttime="20221024 09:27:29.807" endtime="20221024 09:27:31.002"/>
</kw>
<status status="PASS" starttime="20221024 09:27:28.046" endtime="20221024 09:27:31.003"/>
</kw>
<kw name="Home - Info Board" library="NGG-TC-59-60 Keywords">
<kw name="Press Keycode" library="AppiumLibrary">
<arg>22</arg>
<doc>Sends a press of keycode to the device.</doc>
<status status="PASS" starttime="20221024 09:27:31.004" endtime="20221024 09:27:31.709"/>
</kw>
<kw name="Press Keycode" library="AppiumLibrary">
<arg>22</arg>
<doc>Sends a press of keycode to the device.</doc>
<status status="PASS" starttime="20221024 09:27:31.710" endtime="20221024 09:27:33.412"/>
</kw>
<kw name="Press Keycode" library="AppiumLibrary">
<arg>22</arg>
<doc>Sends a press of keycode to the device.</doc>
<status status="PASS" starttime="20221024 09:27:33.412" endtime="20221024 09:27:36.080"/>
</kw>
<kw name="Press Keycode" library="AppiumLibrary">
<arg>20</arg>
<doc>Sends a press of keycode to the device.</doc>
<status status="PASS" starttime="20221024 09:27:36.080" endtime="20221024 09:27:37.294"/>
</kw>
<kw name="Press Keycode" library="AppiumLibrary">
<arg>23</arg>
<doc>Sends a press of keycode to the device.</doc>
<status status="PASS" starttime="20221024 09:27:37.294" endtime="20221024 09:27:37.947"/>
</kw>
<kw name="Wait Until Element Is Visible" library="AppiumLibrary">
<arg>id=com.sentrics.engage360:id/tvSeeAll</arg>
<doc>Waits until element specified with `locator` is visible.</doc>
<status status="PASS" starttime="20221024 09:27:37.947" endtime="20221024 09:27:42.372"/>
</kw>
<kw name="Wait Until Element Is Visible" library="AppiumLibrary">
<arg>id=com.sentrics.engage360:id/tvInfoBoardPin</arg>
<doc>Waits until element specified with `locator` is visible.</doc>
<status status="PASS" starttime="20221024 09:27:42.374" endtime="20221024 09:27:46.650"/>
</kw>
<kw name="Press Keycode" library="AppiumLibrary">
<arg>19</arg>
<doc>Sends a press of keycode to the device.</doc>
<status status="PASS" starttime="20221024 09:27:46.651" endtime="20221024 09:27:46.840"/>
</kw>
<status status="PASS" starttime="20221024 09:27:31.003" endtime="20221024 09:27:46.840"/>
</kw>
<kw name="Categories Validation - Info Board" library="NGG-TC-59-60 Keywords">
<kw name="Press Keycode" library="AppiumLibrary">
<arg>23</arg>
<doc>Sends a press of keycode to the device.</doc>
<status status="PASS" starttime="20221024 09:27:46.841" endtime="20221024 09:27:47.519"/>
</kw>
<kw name="Press Keycode" library="AppiumLibrary">
<arg>22</arg>
<doc>Sends a press of keycode to the device.</doc>
<status status="PASS" starttime="20221024 09:27:47.519" endtime="20221024 09:27:48.417"/>
</kw>
<kw name="Press Keycode" library="AppiumLibrary">
<arg>23</arg>
<doc>Sends a press of keycode to the device.</doc>
<status status="PASS" starttime="20221024 09:27:48.418" endtime="20221024 09:27:49.045"/>
</kw>
<kw name="Press Keycode" library="AppiumLibrary">
<arg>22</arg>
<doc>Sends a press of keycode to the device.</doc>
<status status="PASS" starttime="20221024 09:27:49.045" endtime="20221024 09:27:49.938"/>
</kw>
<kw name="Press Keycode" library="AppiumLibrary">
<arg>23</arg>
<doc>Sends a press of keycode to the device.</doc>
<status status="PASS" starttime="20221024 09:27:49.939" endtime="20221024 09:27:50.581"/>
</kw>
<kw name="Press Keycode" library="AppiumLibrary">
<arg>22</arg>
<doc>Sends a press of keycode to the device.</doc>
<status status="PASS" starttime="20221024 09:27:50.581" endtime="20221024 09:27:51.517"/>
</kw>
<kw name="Press Keycode" library="AppiumLibrary">
<arg>23</arg>
<doc>Sends a press of keycode to the device.</doc>
<status status="PASS" starttime="20221024 09:27:51.517" endtime="20221024 09:27:52.171"/>
</kw>
<kw name="Press Keycode" library="AppiumLibrary">
<arg>22</arg>
<doc>Sends a press of keycode to the device.</doc>
<status status="PASS" starttime="20221024 09:27:52.171" endtime="20221024 09:27:53.066"/>
</kw>
<kw name="Press Keycode" library="AppiumLibrary">
<arg>23</arg>
<doc>Sends a press of keycode to the device.</doc>
<status status="PASS" starttime="20221024 09:27:53.067" endtime="20221024 09:27:53.731"/>
</kw>
<kw name="Press Keycode" library="AppiumLibrary">
<arg>22</arg>
<doc>Sends a press of keycode to the device.</doc>
<status status="PASS" starttime="20221024 09:27:53.732" endtime="20221024 09:27:54.676"/>
</kw>
<kw name="Press Keycode" library="AppiumLibrary">
<arg>23</arg>
<doc>Sends a press of keycode to the device.</doc>
<status status="PASS" starttime="20221024 09:27:54.676" endtime="20221024 09:27:55.310"/>
</kw>
<kw name="Press Keycode" library="AppiumLibrary">
<arg>22</arg>
<doc>Sends a press of keycode to the device.</doc>
<status status="PASS" starttime="20221024 09:27:55.311" endtime="20221024 09:27:56.203"/>
</kw>
<kw name="Press Keycode" library="AppiumLibrary">
<arg>23</arg>
<doc>Sends a press of keycode to the device.</doc>
<status status="PASS" starttime="20221024 09:27:56.204" endtime="20221024 09:27:56.834"/>
</kw>
<kw name="Press Keycode" library="AppiumLibrary">
<arg>22</arg>
<doc>Sends a press of keycode to the device.</doc>
<status status="PASS" starttime="20221024 09:27:56.835" endtime="20221024 09:27:57.631"/>
</kw>
<kw name="Press Keycode" library="AppiumLibrary">
<arg>23</arg>
<doc>Sends a press of keycode to the device.</doc>
<status status="PASS" starttime="20221024 09:27:57.631" endtime="20221024 09:27:58.279"/>
</kw>
<kw name="Press Keycode" library="AppiumLibrary">
<arg>4</arg>
<doc>Sends a press of keycode to the device.</doc>
<status status="PASS" starttime="20221024 09:27:58.279" endtime="20221024 09:27:59.043"/>
</kw>
<status status="PASS" starttime="20221024 09:27:46.840" endtime="20221024 09:27:59.044"/>
</kw>
<status status="PASS" starttime="20221024 09:27:11.656" endtime="20221024 09:27:59.047"/>
</test>
<kw name="Close All Applications" library="AppiumLibrary" type="TEARDOWN">
<doc>Closes all open applications.</doc>
<status status="PASS" starttime="20221024 09:27:59.053" endtime="20221024 09:27:59.388"/>
</kw>
<status status="PASS" starttime="20221024 09:26:56.053" endtime="20221024 09:27:59.388"/>
</suite>
<statistics>
<total>
<stat pass="1" fail="0" skip="0">All Tests</stat>
</total>
<tag>
</tag>
<suite>
<stat pass="1" fail="0" skip="0" id="s1" name="NGG-TC-59-60 Info Board and Categories Validation">NGG-TC-59-60 Info Board and Categories Validation</stat>
</suite>
</statistics>
<errors>
</errors>
</robot>
